<?xml version="1.0" encoding="UTF-8"?>
<testsuite xmlns:xsi="http://www.w3.org/2001/XMLSchema-instance" xsi:noNamespaceSchemaLocation="https://maven.apache.org/surefire/maven-surefire-plugin/xsd/surefire-test-report.xsd" version="3.0.2" name="com.oudriss.Renault_gestion_garage.RenaultGestionGarageApplicationTests" time="2.581" tests="1" errors="0" skipped="0" failures="0">
  <properties>
[...]
</properties>
  <testcase name="contextLoads" classname="com.oudriss.Renault_gestion_garage.RenaultGestionGarageApplicationTests" time="0.271">
    <system-out><![CDATA[23:55:38.315 [main] INFO org.springframework.test.context.support.AnnotationConfigContextLoaderUtils -- Could not detect default configuration classes for test class [com.oudriss.Renault_gestion_garage.RenaultGestionGarageApplicationTests]: RenaultGestionGarageApplicationTests does not declare any static, non-private, non-final, nested classes annotated with @Configuration.
23:55:38.361 [main] INFO org.springframework.boot.test.context.SpringBootTestContextBootstrapper -- Found @SpringBootConfiguration com.oudriss.Renault_gestion_garage.RenaultGestionGarageApplication for test class com.oudriss.Renault_gestion_garage.RenaultGestionGarageApplicationTests

  .   ____          _            __ _ _
 /\\ / ___'_ __ _ _(_)_ __  __ _ \ \ \ \
( ( )\___ | '_ | '_| | '_ \/ _` | \ \ \ \
 \\/  ___)| |_)| | | | | || (_| |  ) ) ) )
  '  |____| .__|_| |_|_| |_\__, | / / / /
 =========|_|==============|___/=/_/_/_/

 :: Spring Boot ::               (v3.5.11)

2026-02-23T23:55:38.517Z  INFO 9297 --- [Renault-gestion-garage] [           main] o.R.RenaultGestionGarageApplicationTests : Starting RenaultGestionGarageApplicationTests using Java 25.0.1 with PID 9297 (started by oudriss in /Users/oudriss/Documents/Renault-gestion-garage)
2026-02-23T23:55:38.517Z  INFO 9297 --- [Renault-gestion-garage] [           main] o.R.RenaultGestionGarageApplicationTests : No active profile set, falling back to 1 default profile: "default"
2026-02-23T23:55:38.815Z  INFO 9297 --- [Renault-gestion-garage] [           main] .s.d.r.c.RepositoryConfigurationDelegate : Bootstrapping Spring Data JPA repositories in DEFAULT mode.
2026-02-23T23:55:38.842Z  INFO 9297 --- [Renault-gestion-garage] [           main] .s.d.r.c.RepositoryConfigurationDelegate : Finished Spring Data repository scanning in 22 ms. Found 3 JPA repository interfaces.
2026-02-23T23:55:39.068Z  INFO 9297 --- [Renault-gestion-garage] [           main] o.hibernate.jpa.internal.util.LogHelper  : HHH000204: Processing PersistenceUnitInfo [name: default]
2026-02-23T23:55:39.113Z  INFO 9297 --- [Renault-gestion-garage] [           main] org.hibernate.Version                    : HHH000412: Hibernate ORM core version 6.6.42.Final
2026-02-23T23:55:39.130Z  INFO 9297 --- [Renault-gestion-garage] [           main] o.h.c.internal.RegionFactoryInitiator    : HHH000026: Second-level cache disabled
2026-02-23T23:55:39.267Z  INFO 9297 --- [Renault-gestion-garage] [           main] o.s.o.j.p.SpringPersistenceUnitInfo      : No LoadTimeWeaver setup: ignoring JPA class transformer
2026-02-23T23:55:39.282Z  INFO 9297 --- [Renault-gestion-garage] [           main] com.zaxxer.hikari.HikariDataSource       : HikariPool-1 - Starting...
2026-02-23T23:55:39.362Z  INFO 9297 --- [Renault-gestion-garage] [           main] com.zaxxer.hikari.pool.HikariPool        : HikariPool-1 - Added connection conn0: url=jdbc:h2:mem:f0f41bed-3e31-4f8a-8c3e-de9ce707a291 user=SA
2026-02-23T23:55:39.362Z  INFO 9297 --- [Renault-gestion-garage] [           main] com.zaxxer.hikari.HikariDataSource       : HikariPool-1 - Start completed.
2026-02-23T23:55:39.376Z  WARN 9297 --- [Renault-gestion-garage] [           main] org.hibernate.orm.deprecation            : HHH90000025: H2Dialect does not need to be specified explicitly using 'hibernate.dialect' (remove the property setting and it will be selected by default)
2026-02-23T23:55:39.386Z  INFO 9297 --- [Renault-gestion-garage] [           main] org.hibernate.orm.connections.pooling    : HHH10001005: Database info:
	Database JDBC URL [Connecting through datasource 'HikariDataSource (HikariPool-1)']
	Database driver: undefined/unknown
	Database version: 2.3.232
	Autocommit mode: undefined/unknown
	Isolation level: undefined/unknown
	Minimum pool size: undefined/unknown
	Maximum pool size: undefined/unknown
2026-02-23T23:55:39.988Z  INFO 9297 --- [Renault-gestion-garage] [           main] o.h.e.t.j.p.i.JtaPlatformInitiator       : HHH000489: No JTA platform available (set 'hibernate.transaction.jta.platform' to enable JTA platform integration)
Hibernate: 
    drop table if exists accessories cascade 
Hibernate: 
    drop table if exists garage_opening_hours cascade 
Hibernate: 
    drop table if exists garages cascade 
Hibernate: 
    drop table if exists vehicles cascade 
Hibernate: 
    create table accessories (
        prix numeric(38,2) not null,
        id bigint generated by default as identity,
        vehicle_id bigint not null,
        description varchar(1000) not null,
        nom varchar(255) not null,
        type enum ('AUDIO','AUTRE','CONFORT','ECLAIRAGE','ELECTRONIQUE','ESTHETIQUE','NAVIGATION','PERFORMANCE','SECURITE') not null,
        primary key (id)
    )
Hibernate: 
    create table garage_opening_hours (
        end_time time(6),
        start_time time(6),
        garage_id bigint not null,
        day_of_week enum ('FRIDAY','MONDAY','SATURDAY','SUNDAY','THURSDAY','TUESDAY','WEDNESDAY') not null,
        primary key (garage_id, day_of_week)
    )
Hibernate: 
    create table garages (
        id bigint generated by default as identity,
        address varchar(255) not null,
        email varchar(255) not null,
        name varchar(255) not null,
        telephone varchar(255) not null,
        primary key (id)
    )
Hibernate: 
    create table vehicles (
        annee_fabrication integer not null,
        garage_id bigint not null,
        id bigint generated by default as identity,
        brand varchar(255) not null,
        model varchar(255) not null,
        type_carburant enum ('DIESEL','ELECTRIQUE','ESSENCE','GPL','HYBRIDE','HYBRIDE_RECHARGEABLE','HYDROGENE') not null,
        vehicle_type enum ('BERLINE','BREAK','CABRIOLET','CAMION','COUPE','MONOSPACE','MOTO','SCOOTER','SUV','UTILITAIRE'),
        primary key (id)
    )
Hibernate: 
    alter table if exists accessories 
       add constraint FKarplydvk5yw19vf9r6tgu5wqn 
       foreign key (vehicle_id) 
       references vehicles
Hibernate: 
    alter table if exists garage_opening_hours 
       add constraint FKj5wy0ghg0k5sw73brpkvkynyw 
       foreign key (garage_id) 
       references garages
Hibernate: 
    alter table if exists vehicles 
       add constraint FKt4xt3mn7hd41jhteoupnbq34b 
       foreign key (garage_id) 
       references garages
2026-02-23T23:55:40.015Z  INFO 9297 --- [Renault-gestion-garage] [           main] j.LocalContainerEntityManagerFactoryBean : Initialized JPA EntityManagerFactory for persistence unit 'default'
2026-02-23T23:55:40.315Z  WARN 9297 --- [Renault-gestion-garage] [           main] JpaBaseConfiguration$JpaWebConfiguration : spring.jpa.open-in-view is enabled by default. Therefore, database queries may be performed during view rendering. Explicitly configure spring.jpa.open-in-view to disable this warning
2026-02-23T23:55:40.508Z  INFO 9297 --- [Renault-gestion-garage] [           main] o.s.b.a.h2.H2ConsoleAutoConfiguration    : H2 console available at '/h2-console'. Database available at 'jdbc:h2:mem:f0f41bed-3e31-4f8a-8c3e-de9ce707a291'
2026-02-23T23:55:40.588Z  INFO 9297 --- [Renault-gestion-garage] [           main] o.R.RenaultGestionGarageApplicationTests : Started RenaultGestionGarageApplicationTests in 2.177 seconds (process running for 2.516)
]]></system-out>
    <system-err><![CDATA[Mockito is currently self-attaching to enable the inline-mock-maker. This will no longer work in future releases of the JDK. Please add Mockito as an agent to your build as described in Mockito's documentation: https://javadoc.io/doc/org.mockito/mockito-core/latest/org.mockito/org/mockito/Mockito.html#0.3
WARNING: A Java agent has been loaded dynamically (/Users/oudriss/.m2/repository/net/bytebuddy/byte-buddy-agent/1.17.8/byte-buddy-agent-1.17.8.jar)
WARNING: If a serviceability tool is in use, please run with -XX:+EnableDynamicAgentLoading to hide this warning
WARNING: If a serviceability tool is not in use, please run with -Djdk.instrument.traceUsage for more information
WARNING: Dynamic loading of agents will be disallowed by default in a future release
]]></system-err>
  </testcase>
</testsuite>